<?xml version="1.0" encoding="UTF-8"?>
<!-- Generated by org.testng.reporters.JUnitReportReporter -->
<testsuite hostname="LAPTOP-NV75CRGQ" failures="0" tests="4" name="test.Login" time="23.359" errors="0" timestamp="2020-06-11T00:32:06 EDT" skipped="0">
  <testcase classname="test.Login" name="register" time="9.713"/>
  <system-out/>
  <testcase classname="test.Login" name="flight" time="2.398"/>
  <system-out/>
  <testcase classname="test.Login" name="cruise" time="2.883"/>
  <system-out/>
  <testcase classname="test.Login" name="brokenpages" time="8.365"/>
  <system-out/>
</testsuite> <!-- test.Login -->
